<?xml version="1.0" encoding="UTF-8"?>
<!-- Generated by org.testng.reporters.JUnitXMLReporter -->
<testsuite hostname="DESKTOP-27L8JE7" ignored="1" name="Default test" tests="2" failures="0" timestamp="22 Sep 2020 07:26:46 GMT" time="0.074" errors="0">
  <testcase name="z" time="0.009" classname="com.project.SeptemberSelenium12PMMaven.TC_005"/>
  <testcase name="f" time="0.003" classname="com.project.SeptemberSelenium12PMMaven.TC_005"/>
  <testcase name="a" time="0.0" classname="com.project.SeptemberSelenium12PMMaven.TC_005">
    <ignored/>
  </testcase> <!-- a -->
</testsuite> <!-- Default test -->
