<?xml version="1.0" encoding="UTF-8"?>
<!-- Generated by org.testng.reporters.JUnitXMLReporter -->
<testsuite hostname="DESKTOP-27L8JE7" ignored="0" name="Test" tests="4" failures="0" timestamp="2020-09-23T12:47:38 IST" time="48.206" errors="0">
  <testcase name="f" time="9.65" classname="com.project.SeptemberSelenium12PMMaven.TC_006"/>
  <testcase name="checkboxTest" time="0.24" classname="com.project.SeptemberSelenium12PMMaven.CheckBox1"/>
  <testcase name="linktesting1" time="1.394" classname="com.project.SeptemberSelenium12PMMaven.LinksTesting1"/>
  <testcase name="radioButtonTest" time="3.861" classname="com.project.SeptemberSelenium12PMMaven.RadioButton1"/>
</testsuite> <!-- Test -->
