<?xml version="1.0" encoding="UTF-8"?>
<testng-results skipped="0" failed="0" ignored="1" total="3" passed="2">
  <reporter-output>
  </reporter-output>
  <suite name="Default suite" duration-ms="74" started-at="2020-09-22T07:26:46Z" finished-at="2020-09-22T07:26:46Z">
    <groups>
    </groups>
    <test name="Default test" duration-ms="74" started-at="2020-09-22T07:26:46Z" finished-at="2020-09-22T07:26:46Z">
      <class name="com.project.SeptemberSelenium12PMMaven.TC_005">
        <test-method status="PASS" signature="beforeSuite()[pri:0, instance:com.project.SeptemberSelenium12PMMaven.TC_005@23282c25]" name="beforeSuite" is-config="true" duration-ms="54" started-at="2020-09-22T07:26:46Z" finished-at="2020-09-22T07:26:46Z">
          <reporter-output>
          </reporter-output>
        </test-method> <!-- beforeSuite -->
        <test-method status="PASS" signature="beforeTest()[pri:0, instance:com.project.SeptemberSelenium12PMMaven.TC_005@23282c25]" name="beforeTest" is-config="true" duration-ms="0" started-at="2020-09-22T07:26:46Z" finished-at="2020-09-22T07:26:46Z">
          <reporter-output>
          </reporter-output>
        </test-method> <!-- beforeTest -->
        <test-method status="PASS" signature="beforeClass()[pri:0, instance:com.project.SeptemberSelenium12PMMaven.TC_005@23282c25]" name="beforeClass" is-config="true" duration-ms="1" started-at="2020-09-22T07:26:46Z" finished-at="2020-09-22T07:26:46Z">
          <reporter-output>
          </reporter-output>
        </test-method> <!-- beforeClass -->
        <test-method status="PASS" signature="z()[pri:1, instance:com.project.SeptemberSelenium12PMMaven.TC_005@23282c25]" name="z" duration-ms="9" started-at="2020-09-22T07:26:46Z" finished-at="2020-09-22T07:26:46Z">
          <reporter-output>
          </reporter-output>
        </test-method> <!-- z -->
        <test-method status="PASS" signature="beforeMethod()[pri:0, instance:com.project.SeptemberSelenium12PMMaven.TC_005@23282c25]" name="beforeMethod" is-config="true" duration-ms="0" started-at="2020-09-22T07:26:46Z" finished-at="2020-09-22T07:26:46Z">
          <reporter-output>
          </reporter-output>
        </test-method> <!-- beforeMethod -->
        <test-method status="PASS" signature="afterMethod()[pri:0, instance:com.project.SeptemberSelenium12PMMaven.TC_005@23282c25]" name="afterMethod" is-config="true" duration-ms="1" started-at="2020-09-22T07:26:46Z" finished-at="2020-09-22T07:26:46Z">
          <reporter-output>
          </reporter-output>
        </test-method> <!-- afterMethod -->
        <test-method status="PASS" signature="beforeMethod()[pri:0, instance:com.project.SeptemberSelenium12PMMaven.TC_005@23282c25]" name="beforeMethod" is-config="true" duration-ms="1" started-at="2020-09-22T07:26:46Z" finished-at="2020-09-22T07:26:46Z">
          <reporter-output>
          </reporter-output>
        </test-method> <!-- beforeMethod -->
        <test-method status="PASS" signature="f()[pri:2, instance:com.project.SeptemberSelenium12PMMaven.TC_005@23282c25]" name="f" duration-ms="3" started-at="2020-09-22T07:26:46Z" finished-at="2020-09-22T07:26:46Z">
          <reporter-output>
          </reporter-output>
        </test-method> <!-- f -->
        <test-method status="PASS" signature="afterMethod()[pri:0, instance:com.project.SeptemberSelenium12PMMaven.TC_005@23282c25]" name="afterMethod" is-config="true" duration-ms="2" started-at="2020-09-22T07:26:46Z" finished-at="2020-09-22T07:26:46Z">
          <reporter-output>
          </reporter-output>
        </test-method> <!-- afterMethod -->
        <test-method status="PASS" signature="afterClass()[pri:0, instance:com.project.SeptemberSelenium12PMMaven.TC_005@23282c25]" name="afterClass" is-config="true" duration-ms="1" started-at="2020-09-22T07:26:46Z" finished-at="2020-09-22T07:26:46Z">
          <reporter-output>
          </reporter-output>
        </test-method> <!-- afterClass -->
        <test-method status="PASS" signature="afterTest()[pri:0, instance:com.project.SeptemberSelenium12PMMaven.TC_005@23282c25]" name="afterTest" is-config="true" duration-ms="1" started-at="2020-09-22T07:26:46Z" finished-at="2020-09-22T07:26:46Z">
          <reporter-output>
          </reporter-output>
        </test-method> <!-- afterTest -->
        <test-method status="PASS" signature="afterSuite()[pri:0, instance:com.project.SeptemberSelenium12PMMaven.TC_005@23282c25]" name="afterSuite" is-config="true" duration-ms="1" started-at="2020-09-22T07:26:46Z" finished-at="2020-09-22T07:26:46Z">
          <reporter-output>
          </reporter-output>
        </test-method> <!-- afterSuite -->
      </class> <!-- com.project.SeptemberSelenium12PMMaven.TC_005 -->
    </test> <!-- Default test -->
  </suite> <!-- Default suite -->
</testng-results>
